[debug] [2022-06-17T06:46:32.921Z] ----------------------------------------------------------------------
[debug] [2022-06-17T06:46:32.925Z] Command:       C:\Program Files\nodejs\node.exe C:\Users\admin\AppData\Roaming\npm\node_modules\firebase-tools\lib\bin\firebase.js deploy
[debug] [2022-06-17T06:46:32.927Z] CLI Version:   11.1.0
[debug] [2022-06-17T06:46:32.927Z] Platform:      win32
[debug] [2022-06-17T06:46:32.927Z] Node Version:  v16.15.0
[debug] [2022-06-17T06:46:32.936Z] Time:          Fri Jun 17 2022 12:16:32 GMT+0530 (India Standard Time)
[debug] [2022-06-17T06:46:32.936Z] ----------------------------------------------------------------------
[debug] 
[debug] [2022-06-17T06:46:33.093Z] > command requires scopes: ["email","openid","https://www.googleapis.com/auth/cloudplatformprojects.readonly","https://www.googleapis.com/auth/firebase","https://www.googleapis.com/auth/cloud-platform"]
[debug] [2022-06-17T06:46:33.094Z] > authorizing via signed-in user (sharma.ankit.078@gmail.com)
[debug] [2022-06-17T06:46:33.094Z] [iam] checking project react-weather-tellerapp for permissions ["firebase.projects.get","firebasehosting.sites.update"]
[debug] [2022-06-17T06:46:33.099Z] >>> [apiv2][query] POST https://cloudresourcemanager.googleapis.com/v1/projects/react-weather-tellerapp:testIamPermissions [none]
[debug] [2022-06-17T06:46:33.100Z] >>> [apiv2][body] POST https://cloudresourcemanager.googleapis.com/v1/projects/react-weather-tellerapp:testIamPermissions {"permissions":["firebase.projects.get","firebasehosting.sites.update"]}
[debug] [2022-06-17T06:46:35.005Z] <<< [apiv2][status] POST https://cloudresourcemanager.googleapis.com/v1/projects/react-weather-tellerapp:testIamPermissions 200
[debug] [2022-06-17T06:46:35.006Z] <<< [apiv2][body] POST https://cloudresourcemanager.googleapis.com/v1/projects/react-weather-tellerapp:testIamPermissions {"permissions":["firebase.projects.get","firebasehosting.sites.update"]}
[debug] [2022-06-17T06:46:35.010Z] >>> [apiv2][query] GET https://firebase.googleapis.com/v1beta1/projects/react-weather-tellerapp [none]
[debug] [2022-06-17T06:46:35.576Z] <<< [apiv2][status] GET https://firebase.googleapis.com/v1beta1/projects/react-weather-tellerapp 200
[debug] [2022-06-17T06:46:35.578Z] <<< [apiv2][body] GET https://firebase.googleapis.com/v1beta1/projects/react-weather-tellerapp {"projectId":"react-weather-tellerapp","projectNumber":"860560259037","displayName":"react-weather-tellerapp","name":"projects/react-weather-tellerapp","resources":{"hostingSite":"react-weather-tellerapp"},"state":"ACTIVE"}
[info] 
[info] === Deploying to 'react-weather-tellerapp'...
[info] 
[info] i  deploying hosting 
[debug] [2022-06-17T06:46:35.602Z] >>> [apiv2][query] GET https://firebase.googleapis.com/v1beta1/projects/react-weather-tellerapp [none]
[debug] [2022-06-17T06:46:36.188Z] <<< [apiv2][status] GET https://firebase.googleapis.com/v1beta1/projects/react-weather-tellerapp 200
[debug] [2022-06-17T06:46:36.189Z] <<< [apiv2][body] GET https://firebase.googleapis.com/v1beta1/projects/react-weather-tellerapp {"projectId":"react-weather-tellerapp","projectNumber":"860560259037","displayName":"react-weather-tellerapp","name":"projects/react-weather-tellerapp","resources":{"hostingSite":"react-weather-tellerapp"},"state":"ACTIVE"}
[debug] [2022-06-17T06:46:36.200Z] >>> [apiv2][query] POST https://firebasehosting.googleapis.com/v1beta1/projects/860560259037/sites/react-weather-tellerapp/versions [none]
[debug] [2022-06-17T06:46:36.201Z] >>> [apiv2][body] POST https://firebasehosting.googleapis.com/v1beta1/projects/860560259037/sites/react-weather-tellerapp/versions {"config":{"rewrites":[{"glob":"**","path":"/index.html"}]},"labels":{"deployment-tool":"cli-firebase"}}
[debug] [2022-06-17T06:46:48.193Z] <<< [apiv2][status] POST https://firebasehosting.googleapis.com/v1beta1/projects/860560259037/sites/react-weather-tellerapp/versions 503
[debug] [2022-06-17T06:46:48.194Z] <<< [apiv2][body] POST https://firebasehosting.googleapis.com/v1beta1/projects/860560259037/sites/react-weather-tellerapp/versions {"error":{"code":503,"message":"The service is currently unavailable.","status":"UNAVAILABLE"}}
[error] 
[error] Error: HTTP Error: 503, The service is currently unavailable.
[debug] [2022-06-17T06:46:48.398Z] Error Context: {
  "body": {
    "error": {
      "code": 503,
      "message": "The service is currently unavailable.",
      "status": "UNAVAILABLE"
    }
  },
  "response": {
    "statusCode": 503
  }
}
